<?xml version="1.0" encoding="UTF-8"?>
<!-- Generated by org.testng.reporters.JUnitXMLReporter -->
<testsuite ignored="0" hostname="ApurvaNaik42" failures="0" tests="9" name="Command line test" time="5.367" errors="0" timestamp="2024-04-07T13:26:25 IST">
  <testcase classname="TestComponents.BasicsTest" name="addPlace" time="2.06"/>
  <testcase classname="TestComponents.BasicsTest" name="updatePlace" time="1.219"/>
  <testcase classname="TestComponents.BasicsTest" name="getPlace" time="0.647"/>
  <testcase classname="TestComponents.BooksTest" name="addBook" time="0.204"/>
  <testcase classname="TestComponents.BooksTest" name="addBook" time="0.188"/>
  <testcase classname="TestComponents.BooksTest" name="addBook" time="0.297"/>
  <testcase classname="TestComponents.BooksTest" name="deletePlace" time="0.172"/>
  <testcase classname="TestComponents.BooksTest" name="deletePlace" time="0.219"/>
  <testcase classname="TestComponents.BooksTest" name="deletePlace" time="0.297"/>
</testsuite> <!-- Command line test -->
