<?xml version="1.0" encoding="UTF-8"?>
<testng-results ignored="0" total="9" passed="9" failed="0" skipped="0">
  <reporter-output>
  </reporter-output>
  <suite started-at="2024-04-07T13:26:20 IST" name="Command line suite" finished-at="2024-04-07T13:26:25 IST" duration-ms="5367">
    <groups>
    </groups>
    <test started-at="2024-04-07T13:26:20 IST" name="Command line test" finished-at="2024-04-07T13:26:25 IST" duration-ms="5367">
      <class name="TestComponents.BasicsTest">
        <test-method signature="addPlace()[pri:0, instance:TestComponents.BasicsTest@4961f6af]" started-at="2024-04-07T13:26:20 IST" name="addPlace" finished-at="2024-04-07T13:26:22 IST" duration-ms="2060" status="PASS">
          <reporter-output>
          </reporter-output>
        </test-method> <!-- addPlace -->
        <test-method signature="updatePlace()[pri:0, instance:TestComponents.BasicsTest@4961f6af]" started-at="2024-04-07T13:26:22 IST" name="updatePlace" finished-at="2024-04-07T13:26:23 IST" depends-on-methods="TestComponents.BasicsTest.addPlace" duration-ms="1219" status="PASS">
          <reporter-output>
          </reporter-output>
        </test-method> <!-- updatePlace -->
        <test-method signature="getPlace()[pri:0, instance:TestComponents.BasicsTest@4961f6af]" started-at="2024-04-07T13:26:23 IST" name="getPlace" finished-at="2024-04-07T13:26:24 IST" depends-on-methods="TestComponents.BasicsTest.updatePlace" duration-ms="647" status="PASS">
          <reporter-output>
          </reporter-output>
        </test-method> <!-- getPlace -->
      </class> <!-- TestComponents.BasicsTest -->
      <class name="TestComponents.BooksTest">
        <test-method signature="addBook(java.lang.String,java.lang.String)[pri:0, instance:TestComponents.BooksTest@2e377400]" started-at="2024-04-07T13:26:24 IST" name="addBook" data-provider="addBookData" finished-at="2024-04-07T13:26:24 IST" duration-ms="204" status="PASS">
          <params>
            <param index="0">
              <value>
                <![CDATA[baapm]]>
              </value>
            </param>
            <param index="1">
              <value>
                <![CDATA[1123]]>
              </value>
            </param>
          </params>
          <reporter-output>
          </reporter-output>
        </test-method> <!-- addBook -->
        <test-method signature="addBook(java.lang.String,java.lang.String)[pri:0, instance:TestComponents.BooksTest@2e377400]" started-at="2024-04-07T13:26:24 IST" name="addBook" data-provider="addBookData" finished-at="2024-04-07T13:26:24 IST" duration-ms="188" status="PASS">
          <params>
            <param index="0">
              <value>
                <![CDATA[baapm]]>
              </value>
            </param>
            <param index="1">
              <value>
                <![CDATA[1124]]>
              </value>
            </param>
          </params>
          <reporter-output>
          </reporter-output>
        </test-method> <!-- addBook -->
        <test-method signature="addBook(java.lang.String,java.lang.String)[pri:0, instance:TestComponents.BooksTest@2e377400]" started-at="2024-04-07T13:26:24 IST" name="addBook" data-provider="addBookData" finished-at="2024-04-07T13:26:24 IST" duration-ms="297" status="PASS">
          <params>
            <param index="0">
              <value>
                <![CDATA[baapm]]>
              </value>
            </param>
            <param index="1">
              <value>
                <![CDATA[1125]]>
              </value>
            </param>
          </params>
          <reporter-output>
          </reporter-output>
        </test-method> <!-- addBook -->
        <test-method signature="deletePlace(java.lang.String)[pri:0, instance:TestComponents.BooksTest@2e377400]" started-at="2024-04-07T13:26:24 IST" name="deletePlace" data-provider="deleteBookData" finished-at="2024-04-07T13:26:25 IST" depends-on-methods="TestComponents.BooksTest.addBook" duration-ms="172" status="PASS">
          <params>
            <param index="0">
              <value>
                <![CDATA[baapm1123]]>
              </value>
            </param>
          </params>
          <reporter-output>
          </reporter-output>
        </test-method> <!-- deletePlace -->
        <test-method signature="deletePlace(java.lang.String)[pri:0, instance:TestComponents.BooksTest@2e377400]" started-at="2024-04-07T13:26:25 IST" name="deletePlace" data-provider="deleteBookData" finished-at="2024-04-07T13:26:25 IST" depends-on-methods="TestComponents.BooksTest.addBook" duration-ms="219" status="PASS">
          <params>
            <param index="0">
              <value>
                <![CDATA[baapm1124]]>
              </value>
            </param>
          </params>
          <reporter-output>
          </reporter-output>
        </test-method> <!-- deletePlace -->
        <test-method signature="deletePlace(java.lang.String)[pri:0, instance:TestComponents.BooksTest@2e377400]" started-at="2024-04-07T13:26:25 IST" name="deletePlace" data-provider="deleteBookData" finished-at="2024-04-07T13:26:25 IST" depends-on-methods="TestComponents.BooksTest.addBook" duration-ms="297" status="PASS">
          <params>
            <param index="0">
              <value>
                <![CDATA[baapm1125]]>
              </value>
            </param>
          </params>
          <reporter-output>
          </reporter-output>
        </test-method> <!-- deletePlace -->
      </class> <!-- TestComponents.BooksTest -->
    </test> <!-- Command line test -->
  </suite> <!-- Command line suite -->
</testng-results>
